

*******************************************************************************
Thu Feb 11 15:36:43 2021


FIT:    data read from './gosa.txt' us 1:2
        format = x:z
        x range restricted to [-4.00000 : 0.00000]
        #datapoints = 3
        residuals are weighted equally (unit weight)

function used for fitting: f(x)
	f(x) = a1 * x + b1
fitted parameters initialized with current variable values

iter      chisq       delta/lim  lambda   a1            b1           
   0 2.7263162562e+00   0.00e+00  1.68e+00    1.000000e+00   1.000000e+00
   5 1.0899928167e-05  -3.14e-09  1.68e-05    1.005114e+00   5.694267e-02

After 5 iterations the fit converged.
final sum of squares of residuals : 1.08999e-05
rel. change during last iteration : -3.13948e-14

degrees of freedom    (FIT_NDF)                        : 1
rms of residuals      (FIT_STDFIT) = sqrt(WSSR/ndf)    : 0.0033015
variance of residuals (reduced chisquare) = WSSR/ndf   : 1.08999e-05

Final set of parameters            Asymptotic Standard Error
=======================            ==========================
a1              = 1.00511          +/- 0.002335     (0.2323%)
b1              = 0.0569427        +/- 0.005043     (8.857%)

correlation matrix of the fit parameters:
                a1     b1     
a1              1.000 
b1              0.926  1.000 


*******************************************************************************
Thu Feb 11 15:36:43 2021


FIT:    data read from './gosa.txt' us 1:3
        format = x:z
        x range restricted to [-4.00000 : 0.00000]
        #datapoints = 3
        residuals are weighted equally (unit weight)

function used for fitting: f(x)
	f(x) = a2 * x + b2
fitted parameters initialized with current variable values

iter      chisq       delta/lim  lambda   a2            b2           
   0 3.0070292802e+01   0.00e+00  1.68e+00    1.000000e+00   1.000000e+00
   5 8.2837500000e-06  -2.54e-08  1.68e-05    2.004725e+00  -4.840000e-02

After 5 iterations the fit converged.
final sum of squares of residuals : 8.28375e-06
rel. change during last iteration : -2.53995e-13

degrees of freedom    (FIT_NDF)                        : 1
rms of residuals      (FIT_STDFIT) = sqrt(WSSR/ndf)    : 0.00287815
variance of residuals (reduced chisquare) = WSSR/ndf   : 8.28375e-06

Final set of parameters            Asymptotic Standard Error
=======================            ==========================
a2              = 2.00473          +/- 0.002035     (0.1015%)
b2              = -0.0484          +/- 0.004396     (9.084%)

correlation matrix of the fit parameters:
                a2     b2     
a2              1.000 
b2              0.926  1.000 


*******************************************************************************
Thu Feb 11 15:36:43 2021


FIT:    data read from './gosa.txt' us 1:4
        format = x:z
        x range restricted to [-4.00000 : 0.00000]
        #datapoints = 3
        residuals are weighted equally (unit weight)

function used for fitting: f(x)
	f(x) = a3 * x + b3
fitted parameters initialized with current variable values

iter      chisq       delta/lim  lambda   a3            b3           
   0 4.9999999995e+00   0.00e+00  1.68e+00    1.000000e+00   1.000000e+00
   5 1.1533037433e-12  -8.63e-03  1.68e-05   -1.315550e-06  -3.508224e-06

After 5 iterations the fit converged.
final sum of squares of residuals : 1.1533e-12
rel. change during last iteration : -8.63323e-08

degrees of freedom    (FIT_NDF)                        : 1
rms of residuals      (FIT_STDFIT) = sqrt(WSSR/ndf)    : 1.07392e-06
variance of residuals (reduced chisquare) = WSSR/ndf   : 1.1533e-12

Final set of parameters            Asymptotic Standard Error
=======================            ==========================
a3              = -1.31555e-06     +/- 7.594e-07    (57.72%)
b3              = -3.50822e-06     +/- 1.64e-06     (46.76%)

correlation matrix of the fit parameters:
                a3     b3     
a3              1.000 
b3              0.926  1.000 
